生成启动时间为 2021/7/7 16:59:47。
     1>项目“F:\GitHub\Embedded\编程\111\111\111.vcxproj”在节点 3 上(Build 个目标)。
     1>ClCompile:
         D:\Visio\VC\bin\CL.exe /c /ZI /nologo /W3 /WX- /Od /Oy- /D WIN32 /D _DEBUG /D _CONSOLE /D _LIB /D _UNICODE /D UNICODE /Gm /EHsc /RTC1 /MDd /GS /fp:precise /Zc:wchar_t /Zc:forScope /Fo"Debug\\" /Fd"Debug\vc120.pdb" /Gd /TP /analyze- /errorReport:prompt obj1.cpp test1.cpp
         test1.cpp
     1>f:\github\embedded\编程\111\111\test1.cpp(39): warning C4244: “初始化”: 从“double”转换到“int”，可能丢失数据
     1>f:\github\embedded\编程\111\111\test1.cpp(40): warning C4244: “初始化”: 从“double”转换到“int”，可能丢失数据
     1>f:\github\embedded\编程\111\111\test1.cpp(41): warning C4244: “初始化”: 从“double”转换到“int”，可能丢失数据
     1>f:\github\embedded\编程\111\111\test1.cpp(42): warning C4244: “初始化”: 从“double”转换到“int”，可能丢失数据
     1>f:\github\embedded\编程\111\111\test1.cpp(43): warning C4244: “初始化”: 从“double”转换到“int”，可能丢失数据
     1>f:\github\embedded\编程\111\111\test1.cpp(73): error C2679: 二进制“>>”: 没有找到接受“const char [2]”类型的右操作数的运算符(或没有可接受的转换)
                 d:\visio\vc\include\istream(485): 可能是“std::basic_istream<char,std::char_traits<char>> &std::basic_istream<char,std::char_traits<char>>::operator >>(std::basic_streambuf<char,std::char_traits<char>> *)”
                 d:\visio\vc\include\istream(466): 或       “std::basic_istream<char,std::char_traits<char>> &std::basic_istream<char,std::char_traits<char>>::operator >>(void *&)”
                 d:\visio\vc\include\istream(448): 或       “std::basic_istream<char,std::char_traits<char>> &std::basic_istream<char,std::char_traits<char>>::operator >>(long double &)”
                 d:\visio\vc\include\istream(430): 或       “std::basic_istream<char,std::char_traits<char>> &std::basic_istream<char,std::char_traits<char>>::operator >>(double &)”
                 d:\visio\vc\include\istream(411): 或       “std::basic_istream<char,std::char_traits<char>> &std::basic_istream<char,std::char_traits<char>>::operator >>(float &)”
                 d:\visio\vc\include\istream(392): 或       “std::basic_istream<char,std::char_traits<char>> &std::basic_istream<char,std::char_traits<char>>::operator >>(unsigned __int64 &)”
                 d:\visio\vc\include\istream(373): 或       “std::basic_istream<char,std::char_traits<char>> &std::basic_istream<char,std::char_traits<char>>::operator >>(__int64 &)”
                 d:\visio\vc\include\istream(353): 或       “std::basic_istream<char,std::char_traits<char>> &std::basic_istream<char,std::char_traits<char>>::operator >>(unsigned long &)”
                 d:\visio\vc\include\istream(335): 或       “std::basic_istream<char,std::char_traits<char>> &std::basic_istream<char,std::char_traits<char>>::operator >>(long &)”
                 d:\visio\vc\include\istream(317): 或       “std::basic_istream<char,std::char_traits<char>> &std::basic_istream<char,std::char_traits<char>>::operator >>(unsigned int &)”
                 d:\visio\vc\include\istream(291): 或       “std::basic_istream<char,std::char_traits<char>> &std::basic_istream<char,std::char_traits<char>>::operator >>(int &)”
                 d:\visio\vc\include\istream(272): 或       “std::basic_istream<char,std::char_traits<char>> &std::basic_istream<char,std::char_traits<char>>::operator >>(unsigned short &)”
                 d:\visio\vc\include\istream(237): 或       “std::basic_istream<char,std::char_traits<char>> &std::basic_istream<char,std::char_traits<char>>::operator >>(short &)”
                 d:\visio\vc\include\istream(218): 或       “std::basic_istream<char,std::char_traits<char>> &std::basic_istream<char,std::char_traits<char>>::operator >>(std::_Bool &)”
                 d:\visio\vc\include\istream(211): 或       “std::basic_istream<char,std::char_traits<char>> &std::basic_istream<char,std::char_traits<char>>::operator >>(std::ios_base &(__cdecl *)(std::ios_base &))”
                 d:\visio\vc\include\istream(204): 或       “std::basic_istream<char,std::char_traits<char>> &std::basic_istream<char,std::char_traits<char>>::operator >>(std::basic_ios<char,std::char_traits<char>> &(__cdecl *)(std::basic_ios<char,std::char_traits<char>> &))”
                 d:\visio\vc\include\istream(198): 或       “std::basic_istream<char,std::char_traits<char>> &std::basic_istream<char,std::char_traits<char>>::operator >>(std::basic_istream<char,std::char_traits<char>> &(__cdecl *)(std::basic_istream<char,std::char_traits<char>> &))”
                 d:\visio\vc\include\istream(1103): 或       “std::basic_istream<char,std::char_traits<char>> &std::operator >><char,std::char_traits<char>,const char[2]>(std::basic_istream<char,std::char_traits<char>> &&,_Ty (&))”
                 with
                 [
                     _Ty=const char [2]
                 ]
                 d:\visio\vc\include\istream(1093): 或       “std::basic_istream<char,std::char_traits<char>> &std::operator >><std::char_traits<char>>(std::basic_istream<char,std::char_traits<char>> &,unsigned char &)”
                 d:\visio\vc\include\istream(1086): 或       “std::basic_istream<char,std::char_traits<char>> &std::operator >><std::char_traits<char>>(std::basic_istream<char,std::char_traits<char>> &,unsigned char *)”
                 d:\visio\vc\include\istream(1079): 或       “std::basic_istream<char,std::char_traits<char>> &std::operator >><std::char_traits<char>>(std::basic_istream<char,std::char_traits<char>> &,signed char &)”
                 d:\visio\vc\include\istream(1072): 或       “std::basic_istream<char,std::char_traits<char>> &std::operator >><std::char_traits<char>>(std::basic_istream<char,std::char_traits<char>> &,signed char *)”
                 尝试匹配参数列表“(std::basic_istream<char,std::char_traits<char>>, const char [2])”时
         obj1.cpp
         正在生成代码...
     1>已完成生成项目“F:\GitHub\Embedded\编程\111\111\111.vcxproj”(Build 个目标)的操作 - 失败。

生成失败。

已用时间 00:00:00.72
